 GET -- /api/user/login-test -- Mozilla/5.0 (Windows NT 10.0; Win64; x64) AppleWebKit/537.36 (KHTML, like Gecko) Chrome/100.0.4896.127 Safari/537.36 -- 1653359080137
 GET -- /favicon.ico -- Mozilla/5.0 (Windows NT 10.0; Win64; x64) AppleWebKit/537.36 (KHTML, like Gecko) Chrome/100.0.4896.127 Safari/537.36 -- 1653359080312
 GET -- /api/user/login-test -- Mozilla/5.0 (Windows NT 10.0; Win64; x64) AppleWebKit/537.36 (KHTML, like Gecko) Chrome/100.0.4896.127 Safari/537.36 -- 1653359085332
 GET -- /api/blog/list -- Mozilla/5.0 (Windows NT 10.0; Win64; x64) AppleWebKit/537.36 (KHTML, like Gecko) Chrome/100.0.4896.127 Safari/537.36 -- 1653359091018
 GET -- /api/user/login-test -- Mozilla/5.0 (Windows NT 10.0; Win64; x64) AppleWebKit/537.36 (KHTML, like Gecko) Chrome/100.0.4896.127 Safari/537.36 -- 1653359109513
 GET -- /api/user/login-test -- Mozilla/5.0 (Windows NT 10.0; Win64; x64; rv:89.0) Gecko/20100101 Firefox/89.0 -- 1653361328179
 GET -- /api/user/login-test -- Mozilla/5.0 (Windows NT 10.0; Win64; x64; rv:89.0) Gecko/20100101 Firefox/89.0 -- 1653361333954
 GET -- /api/user/login-test -- Mozilla/5.0 (Windows NT 10.0; Win64; x64) AppleWebKit/537.36 (KHTML, like Gecko) Chrome/101.0.4951.64 Safari/537.36 Edg/101.0.1210.53 -- 1653361373107
 GET -- /favicon.ico -- Mozilla/5.0 (Windows NT 10.0; Win64; x64) AppleWebKit/537.36 (KHTML, like Gecko) Chrome/101.0.4951.64 Safari/537.36 Edg/101.0.1210.53 -- 1653361373183
 GET -- /api/user/login-test -- Mozilla/5.0 (Windows NT 10.0; Win64; x64) AppleWebKit/537.36 (KHTML, like Gecko) Chrome/101.0.4951.64 Safari/537.36 Edg/101.0.1210.53 -- 1653361374974
 GET -- /api/user/login-test -- Mozilla/5.0 (Windows NT 10.0; Win64; x64) AppleWebKit/537.36 (KHTML, like Gecko) Chrome/101.0.4951.64 Safari/537.36 Edg/101.0.1210.53 -- 1653361376249
 GET -- /api/blog/list -- Mozilla/5.0 (Windows NT 10.0; Win64; x64; rv:89.0) Gecko/20100101 Firefox/89.0 -- 1653361546883
 GET -- /favicon.ico -- Mozilla/5.0 (Windows NT 10.0; Win64; x64; rv:89.0) Gecko/20100101 Firefox/89.0 -- 1653361546929
 GET -- /api/blog/list -- Mozilla/5.0 (Windows NT 10.0; Win64; x64; rv:89.0) Gecko/20100101 Firefox/89.0 -- 1653361548974
 GET -- /favicon.ico -- Mozilla/5.0 (Windows NT 10.0; Win64; x64; rv:89.0) Gecko/20100101 Firefox/89.0 -- 1653361548993
 GET -- /api/blog/list -- Mozilla/5.0 (Windows NT 10.0; Win64; x64; rv:89.0) Gecko/20100101 Firefox/89.0 -- 1653361550096
 GET -- /api/blog/list -- Mozilla/5.0 (Windows NT 10.0; Win64; x64; rv:89.0) Gecko/20100101 Firefox/89.0 -- 1653361551117
 GET -- /api/blog/list -- Mozilla/5.0 (Windows NT 10.0; Win64; x64; rv:89.0) Gecko/20100101 Firefox/89.0 -- 1653361552319
 GET -- /api/blog/list -- Mozilla/5.0 (Windows NT 10.0; Win64; x64; rv:89.0) Gecko/20100101 Firefox/89.0 -- 1653361553398
 GET -- /api/user/current?userId=0 -- Mozilla/5.0 (Windows NT 10.0; Win64; x64) AppleWebKit/537.36 (KHTML, like Gecko) Chrome/100.0.4896.127 Safari/537.36 -- 1653373534698
 GET -- /api/column/list -- Mozilla/5.0 (Windows NT 10.0; Win64; x64) AppleWebKit/537.36 (KHTML, like Gecko) Chrome/100.0.4896.127 Safari/537.36 -- 1653373534702
 POST -- /api/user/login -- Mozilla/5.0 (Windows NT 10.0; Win64; x64) AppleWebKit/537.36 (KHTML, like Gecko) Chrome/100.0.4896.127 Safari/537.36 -- 1653373578589
 GET -- /api/user/current?userId=0 -- Mozilla/5.0 (Windows NT 10.0; Win64; x64) AppleWebKit/537.36 (KHTML, like Gecko) Chrome/100.0.4896.127 Safari/537.36 -- 1653373579644
 GET -- /api/column/list -- Mozilla/5.0 (Windows NT 10.0; Win64; x64) AppleWebKit/537.36 (KHTML, like Gecko) Chrome/100.0.4896.127 Safari/537.36 -- 1653373579946
 GET -- /api/user/logout -- Mozilla/5.0 (Windows NT 10.0; Win64; x64) AppleWebKit/537.36 (KHTML, like Gecko) Chrome/100.0.4896.127 Safari/537.36 -- 1653373583878
 GET -- /api/user/current?userId=0 -- Mozilla/5.0 (Windows NT 10.0; Win64; x64) AppleWebKit/537.36 (KHTML, like Gecko) Chrome/100.0.4896.127 Safari/537.36 -- 1653373584352
 GET -- /api/column/list -- Mozilla/5.0 (Windows NT 10.0; Win64; x64) AppleWebKit/537.36 (KHTML, like Gecko) Chrome/100.0.4896.127 Safari/537.36 -- 1653373584353
 POST -- /api/user/login -- PostmanRuntime/7.29.0 -- 1653373839479
 POST -- /api/user/login -- PostmanRuntime/7.29.0 -- 1653373890111
 POST -- /api/user/login -- PostmanRuntime/7.29.0 -- 1653373894947
 POST -- /api/user/login -- PostmanRuntime/7.29.0 -- 1653373906739
 POST -- /api/user/login -- PostmanRuntime/7.29.0 -- 1653373987054
 POST -- /api/user/login -- PostmanRuntime/7.29.0 -- 1653374734958
 POST -- /api/user/login -- PostmanRuntime/7.29.0 -- 1653375545678
 POST -- /api/user/login -- PostmanRuntime/7.29.0 -- 1653375549654
 POST -- /api/user/login -- PostmanRuntime/7.29.0 -- 1653375560400
 POST -- /api/user/login -- PostmanRuntime/7.29.0 -- 1653381578896
 POST -- /api/user/login -- PostmanRuntime/7.29.0 -- 1653381611429
 POST -- /api/user/login -- PostmanRuntime/7.29.0 -- 1653381691924
 POST -- /api/user/login -- PostmanRuntime/7.29.0 -- 1653381788041
 POST -- /api/user/login -- PostmanRuntime/7.29.0 -- 1653381853009
